mode: set
auth/internal/domain/device/type.go:39.20,52.2 1 1
auth/internal/domain/device/type.go:62.20,76.2 2 1
auth/internal/domain/device/type.go:78.32,80.2 1 1
auth/internal/domain/device/type.go:82.39,84.2 1 1
auth/internal/domain/device/type.go:86.40,88.2 1 1
auth/internal/domain/device/type.go:90.36,92.2 1 1
auth/internal/domain/device/type.go:94.46,96.2 1 1
auth/internal/domain/device/type.go:98.28,100.2 1 1
auth/internal/domain/device/type.go:102.37,104.2 1 1
auth/internal/domain/device/type.go:106.35,108.2 1 1
auth/internal/domain/device/type.go:110.58,112.2 1 1
auth/internal/domain/device/type.go:114.47,116.2 1 1
auth/internal/domain/device/agent/type.go:18.32,20.2 1 1
auth/internal/domain/device/agent/type.go:22.45,23.74 1 1
auth/internal/domain/device/agent/type.go:27.2,29.16 2 1
auth/internal/domain/device/agent/type.go:23.74,25.3 1 1
auth/internal/domain/user/name/type.go:18.31,20.2 1 1
auth/internal/domain/user/name/type.go:22.42,23.72 1 1
auth/internal/domain/user/name/type.go:27.2,29.16 2 1
auth/internal/domain/user/name/type.go:23.72,25.3 1 1
auth/internal/domain/user/email/type.go:14.32,16.2 1 1
auth/internal/domain/user/email/type.go:18.45,20.26 1 1
auth/internal/domain/user/email/type.go:24.2,26.16 2 1
auth/internal/domain/user/email/type.go:20.26,22.3 1 1
auth/internal/domain/user/email/type.go:29.34,32.2 2 1
auth/internal/domain/device/ip/type.go:21.29,23.2 1 1
auth/internal/domain/device/ip/type.go:25.36,26.68 1 1
auth/internal/domain/device/ip/type.go:30.2,30.25 1 1
auth/internal/domain/device/ip/type.go:34.2,36.16 2 1
auth/internal/domain/device/ip/type.go:26.68,28.3 1 1
auth/internal/domain/device/ip/type.go:30.25,32.3 1 0
auth/internal/domain/device/ip/type.go:39.37,40.25 1 1
auth/internal/domain/device/ip/type.go:41.11,42.15 1 0
auth/internal/domain/device/ip/type.go:43.10,44.14 1 1
auth/internal/domain/device/refreshToken/type.go:20.39,22.2 1 1
auth/internal/domain/device/refreshToken/type.go:24.35,28.2 2 1
auth/internal/domain/device/refreshToken/type.go:30.64,31.88 1 1
auth/internal/domain/device/refreshToken/type.go:35.2,37.16 2 1
auth/internal/domain/device/refreshToken/type.go:31.88,33.3 1 1
auth/internal/domain/user/type.go:37.18,50.2 1 1
auth/internal/domain/user/type.go:59.18,73.2 2 1
auth/internal/domain/user/type.go:75.30,77.2 1 1
auth/internal/domain/user/type.go:79.37,81.2 1 1
auth/internal/domain/user/type.go:83.38,85.2 1 1
auth/internal/domain/user/type.go:87.32,89.2 1 1
auth/internal/domain/user/type.go:91.41,93.2 1 1
auth/internal/domain/user/type.go:95.35,97.2 1 1
auth/internal/domain/user/type.go:99.32,101.2 1 1
auth/internal/domain/user/type.go:103.35,105.2 1 1
auth/internal/domain/user/type.go:107.31,109.2 1 1
auth/internal/domain/device/deviceID/type.go:18.35,20.2 1 1
auth/internal/domain/device/deviceID/type.go:22.54,23.80 1 1
auth/internal/domain/device/deviceID/type.go:27.2,29.16 2 1
auth/internal/domain/device/deviceID/type.go:23.80,25.3 1 1
auth/internal/domain/user/phone/type.go:18.32,20.2 1 1
auth/internal/domain/user/phone/type.go:22.45,24.74 2 1
auth/internal/domain/user/phone/type.go:28.2,30.16 2 1
auth/internal/domain/user/phone/type.go:24.74,26.3 1 1
auth/internal/domain/user/phone/type.go:33.38,36.26 2 1
auth/internal/domain/user/phone/type.go:42.2,42.15 1 1
auth/internal/domain/user/phone/type.go:36.26,37.25 1 1
auth/internal/domain/user/phone/type.go:37.25,39.4 1 1
auth/internal/domain/user/pass/type.go:24.31,26.2 1 1
auth/internal/domain/user/pass/type.go:28.48,29.47 1 1
auth/internal/domain/user/pass/type.go:33.2,35.16 2 1
auth/internal/domain/user/pass/type.go:29.47,31.3 1 1
auth/internal/domain/user/pass/type.go:38.49,46.28 2 1
auth/internal/domain/user/pass/type.go:50.2,50.26 1 1
auth/internal/domain/user/pass/type.go:63.2,63.14 1 1
auth/internal/domain/user/pass/type.go:66.2,66.13 1 1
auth/internal/domain/user/pass/type.go:69.2,69.12 1 1
auth/internal/domain/user/pass/type.go:72.2,72.12 1 1
auth/internal/domain/user/pass/type.go:76.2,76.8 1 1
auth/internal/domain/user/pass/type.go:46.28,48.3 1 1
auth/internal/domain/user/pass/type.go:50.26,51.10 1 1
auth/internal/domain/user/pass/type.go:52.27,53.16 1 1
auth/internal/domain/user/pass/type.go:54.27,55.16 1 1
auth/internal/domain/user/pass/type.go:56.28,57.17 1 1
auth/internal/domain/user/pass/type.go:58.50,59.18 1 1
auth/internal/domain/user/pass/type.go:63.14,65.3 1 1
auth/internal/domain/user/pass/type.go:66.13,68.3 1 1
auth/internal/domain/user/pass/type.go:69.12,71.3 1 1
auth/internal/domain/user/pass/type.go:72.12,74.3 1 1
auth/internal/domain/user/pass/type.go:79.46,80.16 1 1
auth/internal/domain/user/pass/type.go:83.2,83.20 1 1
auth/internal/domain/user/pass/type.go:80.16,82.3 1 1
auth/internal/domain/user/pass/type.go:86.64,90.2 3 1
auth/internal/domain/user/surname/type.go:18.34,20.2 1 1
auth/internal/domain/user/surname/type.go:22.51,23.78 1 1
auth/internal/domain/user/surname/type.go:27.2,29.16 2 1
auth/internal/domain/user/surname/type.go:23.78,25.3 1 1
auth/internal/repository/user/postgres/converter.go:12.80,14.16 2 1
auth/internal/repository/user/postgres/converter.go:17.2,18.16 2 1
auth/internal/repository/user/postgres/converter.go:21.2,22.16 2 1
auth/internal/repository/user/postgres/converter.go:25.2,26.16 2 1
auth/internal/repository/user/postgres/converter.go:30.2,40.16 2 1
auth/internal/repository/user/postgres/converter.go:43.2,43.20 1 1
auth/internal/repository/user/postgres/converter.go:14.16,16.3 1 0
auth/internal/repository/user/postgres/converter.go:18.16,20.3 1 0
auth/internal/repository/user/postgres/converter.go:22.16,24.3 1 0
auth/internal/repository/user/postgres/converter.go:26.16,28.3 1 0
auth/internal/repository/user/postgres/converter.go:40.16,42.3 1 0
auth/internal/repository/user/postgres/repository.go:13.67,17.2 3 1
auth/internal/repository/user/postgres/repository.go:19.50,20.31 1 1
auth/internal/repository/user/postgres/repository.go:20.31,22.3 1 1
auth/internal/repository/user/postgres/users.go:26.83,31.16 4 1
auth/internal/repository/user/postgres/users.go:34.2,34.8 1 1
auth/internal/repository/user/postgres/users.go:31.16,33.3 1 1
auth/internal/repository/user/postgres/users.go:37.149,39.16 2 1
auth/internal/repository/user/postgres/users.go:43.2,43.50 1 1
auth/internal/repository/user/postgres/users.go:57.2,58.16 2 1
auth/internal/repository/user/postgres/users.go:62.2,63.16 2 1
auth/internal/repository/user/postgres/users.go:67.2,71.16 4 1
auth/internal/repository/user/postgres/users.go:75.2,75.29 1 1
auth/internal/repository/user/postgres/users.go:79.2,79.8 1 1
auth/internal/repository/user/postgres/users.go:39.16,41.3 1 0
auth/internal/repository/user/postgres/users.go:43.50,44.17 1 1
auth/internal/repository/user/postgres/users.go:44.17,45.58 1 1
auth/internal/repository/user/postgres/users.go:48.4,48.14 1 1
auth/internal/repository/user/postgres/users.go:45.58,47.5 1 0
auth/internal/repository/user/postgres/users.go:49.9,50.53 1 1
auth/internal/repository/user/postgres/users.go:53.4,53.14 1 1
auth/internal/repository/user/postgres/users.go:50.53,52.5 1 0
auth/internal/repository/user/postgres/users.go:58.16,60.3 1 1
auth/internal/repository/user/postgres/users.go:63.16,65.3 1 0
auth/internal/repository/user/postgres/users.go:71.16,73.3 1 0
auth/internal/repository/user/postgres/users.go:75.29,77.3 1 0
auth/internal/repository/user/postgres/users.go:82.80,87.16 4 1
auth/internal/repository/user/postgres/users.go:91.2,91.29 1 1
auth/internal/repository/user/postgres/users.go:95.2,95.8 1 1
auth/internal/repository/user/postgres/users.go:87.16,89.3 1 0
auth/internal/repository/user/postgres/users.go:91.29,93.3 1 1
auth/internal/repository/user/postgres/users.go:98.90,103.16 4 1
auth/internal/repository/user/postgres/users.go:106.2,107.16 2 1
auth/internal/repository/user/postgres/users.go:111.2,111.33 1 1
auth/internal/repository/user/postgres/users.go:103.16,105.3 1 0
auth/internal/repository/user/postgres/users.go:107.16,109.3 1 1
auth/internal/repository/user/postgres/users.go:114.111,119.16 4 1
auth/internal/repository/user/postgres/users.go:123.2,124.16 2 1
auth/internal/repository/user/postgres/users.go:128.2,128.33 1 1
auth/internal/repository/user/postgres/users.go:119.16,121.3 1 0
auth/internal/repository/user/postgres/users.go:124.16,126.3 1 1
